2025-07-29 11:27:00 | INFO | Пользователь Евгений добавил номер телефона +375292372907
2025-07-29 11:40:56 | INFO | Пользователь Евгений номер телефона не предоставил
2025-07-29 11:41:20 | INFO | Пользователь Евгений номер телефона не предоставил
2025-07-30 09:43:31 | INFO | Пользователь Евгений добавил номер телефона +375292372907
2025-07-30 09:49:16 | INFO | Пользователь Евгений добавил номер телефона +375292372907
2025-07-30 09:51:17 | INFO | Пользователь Евгений номер телефона не предоставил
2025-07-30 09:57:11 | INFO | Пользователь Евгений номер телефона не предоставил
2025-07-30 09:57:33 | INFO | Пользователь Евгений номер телефона не предоставил
2025-07-30 10:14:24 | INFO | Пользователь Nick добавил номер телефона +375292716301
2025-07-30 10:22:50 | INFO | Пользователь Nick номер телефона не предоставил
2025-07-30 10:26:58 | INFO | Пользователь Nick номер телефона не предоставил
2025-07-30 10:28:08 | INFO | Пользователь Nick добавил номер телефона +375292716301
2025-07-30 10:29:32 | INFO | Пользователь Евгений добавил номер телефона +375292372907
2025-07-30 10:30:04 | INFO | Пользователь Евгений номер телефона не предоставил
2025-07-30 10:31:19 | INFO | Пользователь Nick номер телефона не предоставил
2025-07-30 10:31:28 | INFO | Пользователь Nick добавил номер телефона +375292716301
2025-07-30 10:48:24 | INFO | Пользователь Евгений номер телефона не предоставил
2025-07-30 10:48:32 | INFO | Пользователь Евгений и 915010491 удален
2025-07-30 10:49:12 | INFO | Пользователь Евгений добавил номер телефона +375292372907
2025-07-30 10:49:15 | INFO | Пользователь Евгений c id=915010491 удален
2025-07-30 10:51:34 | INFO | Пользователь Nick c номером телефона None и id=7003041125 удален
2025-07-30 10:52:00 | INFO | Пользователь Nick добавил номер телефона +375292716301
2025-07-30 10:52:27 | INFO | Пользователь Евгений добавил номер телефона +375292372907
2025-07-30 10:52:34 | INFO | Пользователь Евгений c номером телефона None и id=915010491 удален
2025-07-30 10:59:43 | INFO | Пользователь Евгений добавил номер телефона +375292372907
2025-07-30 10:59:48 | INFO | Пользователь Евгений c id=915010491 удален
2025-07-30 11:00:11 | INFO | Пользователь Евгений добавил номер телефона +375292372907
2025-07-30 11:00:42 | INFO | Пользователь Евгений номер телефона не предоставил
2025-07-30 11:02:09 | INFO | Пользователь Евгений номер телефона и id=915010491 не предоставил
2025-07-30 12:16:04 | INFO | Пользователь Евгений c номером телефона и id=915010491 не предоставил
2025-07-30 12:16:08 | INFO | Пользователь Евгений c id=915010491 удален
2025-07-30 12:16:36 | INFO | Пользователь Юля Голенко добавил номер телефона 375295619608
2025-07-30 12:17:48 | INFO | Пользователь Юля Голенко c номером телефона и id=1020773508 не предоставил
2025-07-30 12:22:02 | INFO | Пользователь Евгений добавил номер телефона +375292372907
2025-07-30 12:27:35 | INFO | Пользователь Юля Голенко c номером телефона и id=1020773508 не предоставил
2025-07-30 12:29:15 | INFO | Пользователь Евгений c номером телефона и id=915010491 не предоставил
2025-07-30 12:30:39 | INFO | Пользователь Юля Голенко c номером телефона и id=1020773508 не предоставил
2025-07-30 12:30:43 | INFO | Пользователь Юля Голенко c id=1020773508 удален
2025-07-30 12:31:32 | INFO | Пользователь Юля Голенко добавил номер телефона 375295619608
2025-07-30 12:44:52 | INFO | Пользователь Юля Голенко c номером телефона и id=1020773508 не предоставил
2025-07-30 12:44:57 | INFO | Пользователь Юля Голенко c id=1020773508 удален
2025-07-30 12:45:37 | INFO | Пользователь Юля Голенко добавил номер телефона 375295619608
2025-07-30 12:47:01 | INFO | Пользователь Евгений c номером телефона и id=915010491 не предоставил
2025-07-31 17:00:15 | INFO | Пользователь Евгений c номером телефона и id=915010491 не предоставил
2025-08-01 10:41:54 | INFO | Пользователь Евгений c номером телефона и id=915010491 не предоставил
2025-08-01 11:09:22 | INFO | Пользователь Евгений c номером телефона и id=915010491 не предоставил
2025-08-01 11:09:41 | INFO | Пользователь Nick c номером телефона и id=7003041125 не предоставил
2025-08-03 22:38:27 | INFO | Пользователь Евгений c номером телефона и id=915010491 не предоставил
2025-08-03 23:34:54 | INFO | Пользователь Евгений c номером телефона и id=915010491 не предоставил
2025-08-04 00:35:48 | INFO | Пользователь Евгений c номером телефона и id=915010491 не предоставил
2025-08-04 09:07:05 | INFO | Пользователь Евгений c номером телефона и id=915010491 не предоставил
2025-08-08 02:49:14 | INFO | Пользователь Евгений c номером телефона и id=915010491 не предоставил
